[debug] [2018-09-12T13:32:39.076Z] ----------------------------------------------------------------------
[debug] [2018-09-12T13:32:39.079Z] Command:       /Users/chrisboylen/.nvm/versions/node/v9.8.0/bin/node /Users/chrisboylen/.nvm/versions/node/v9.8.0/bin/firebase serve
[debug] [2018-09-12T13:32:39.079Z] CLI Version:   4.2.1
[debug] [2018-09-12T13:32:39.079Z] Platform:      darwin
[debug] [2018-09-12T13:32:39.079Z] Node Version:  v9.8.0
[debug] [2018-09-12T13:32:39.080Z] Time:          Wed Sep 12 2018 07:32:39 GMT-0600 (MDT)
[debug] [2018-09-12T13:32:39.080Z] ----------------------------------------------------------------------
[debug] 
[debug] [2018-09-12T13:32:39.093Z] > command requires scopes: ["email","openid","https://www.googleapis.com/auth/cloudplatformprojects.readonly","https://www.googleapis.com/auth/firebase","https://www.googleapis.com/auth/cloud-platform"]
[debug] [2018-09-12T13:32:39.093Z] > authorizing via signed-in user
[debug] [2018-09-12T13:32:39.095Z] > refreshing access token with scopes: ["email","https://www.googleapis.com/auth/cloud-platform","https://www.googleapis.com/auth/cloudplatformprojects.readonly","https://www.googleapis.com/auth/firebase","openid"]
[debug] [2018-09-12T13:32:39.095Z] >>> HTTP REQUEST POST https://www.googleapis.com/oauth2/v3/token  

[debug] [2018-09-12T13:32:39.251Z] <<< HTTP RESPONSE 200
[debug] [2018-09-12T13:32:39.272Z] >>> HTTP REQUEST GET https://admin.firebase.com/v1/projects/meetup-matcher  
 
[debug] [2018-09-12T13:32:39.446Z] <<< HTTP RESPONSE 200
[debug] [2018-09-12T13:32:39.447Z] >>> HTTP REQUEST GET https://cloudresourcemanager.googleapis.com/v1/projects/meetup-matcher  
 
[debug] [2018-09-12T13:32:39.688Z] <<< HTTP RESPONSE 200
[info] 
[info] === Serving from '/Users/chrisboylen/Desktop/turing/mod-three/projects/Meetup-Matcher/meetup-matcher'...
[info] 
[debug] [2018-09-12T13:32:39.691Z] >>> HTTP REQUEST GET https://mobilesdk-pa.googleapis.com/v1/projects/1063835221050/clients/_:getWebAppConfig  
 
[debug] [2018-09-12T13:32:40.063Z] <<< HTTP RESPONSE 200
[info] i  hosting[meetup-matcher]: Serving hosting files from: public
[info] ✔  hosting[meetup-matcher]: Local server: http://localhost:5000
